<?xml version='1.0' encoding='utf-8' ?>
<case desc="车辆设置">
	<action name="click">
		<param name="nodeProp">
			<map>
				<entry key="id">com.android.systemui:id/img_setting_icon</entry>
			</map>
		</param>
	</action>
	<!--车辆按钮-->
	<action name="click">
		<param name="nodeProp">
			<map>
				<entry key="xpath">desc:车辆;id:com.chehejia.car.carsettings:id/setting_item_title</entry>
			</map>
		</param>
	</action>
	<!--声音按钮-->
	<action name="click">
		<param name="nodeProp">
			<map>
				<entry key="xpath">desc:声音;id.com.chehejia.car.carsettings:id/setting_item_title</entry>
			</map>
		</param>
		<param name="sleep_ms">1000</param>
	</action>
	
	<action name="seekBar">
		<param name="nodeProp">
			<map>
				<entry key="xpath">desc:系统;id:com.chehejia.car.carsettings:id/seek_progress</entry>
			</map>
		</param>
		<param name="percent">random</param>
		<param name="sleep_ms">100</param>
	</action>
	
</case>